Using pre-set license
Built from '2021.1/release' branch; Version is '2021.1.16f1 (5fa502fca597) revision 6268162'; Using compiler version '192528614'; Build Type 'Release'
OS: 'Windows 10 Pro; OS build 19042.1165; Version 2009; 64bit' Language: 'es' Physical Memory: 16322 MB
BatchMode: 1, IsHumanControllingUs: 0, StartBugReporterOnCrash: 0, Is64bit: 1, IsPro: 0

 COMMAND LINE ARGUMENTS:
C:\Program Files\Unity\Hub\Editor\2021.1.16f1\Editor\Unity.exe
-adb2
-batchMode
-noUpm
-name
AssetImportWorker0
-projectPath
C:/Users/USUARIO/Documents/GitHub/Plataformer 2D
-logFile
Logs/AssetImportWorker0.log
-srvPort
57663
Successfully changed project path to: C:/Users/USUARIO/Documents/GitHub/Plataformer 2D
C:/Users/USUARIO/Documents/GitHub/Plataformer 2D
Using Asset Import Pipeline V2.
Refreshing native plugins compatible for Editor in 94.28 ms, found 4 plugins.
Preloading 0 native plugins for Editor in 0.00 ms.
Initialize engine version: 2021.1.16f1 (5fa502fca597)
[Subsystems] Discovering subsystems at path C:/Program Files/Unity/Hub/Editor/2021.1.16f1/Editor/Data/Resources/UnitySubsystems
[Subsystems] Discovering subsystems at path C:/Users/USUARIO/Documents/GitHub/Plataformer 2D/Assets
GfxDevice: creating device client; threaded=0; jobified=0
Direct3D:
    Version:  Direct3D 11.0 [level 11.1]
    Renderer: NVIDIA GeForce GTX 1650 (ID=0x2188)
    Vendor:   NVIDIA
    VRAM:     3962 MB
    Driver:   27.21.14.6140
Initialize mono
Mono path[0] = 'C:/Program Files/Unity/Hub/Editor/2021.1.16f1/Editor/Data/Managed'
Mono path[1] = 'C:/Program Files/Unity/Hub/Editor/2021.1.16f1/Editor/Data/MonoBleedingEdge/lib/mono/unityjit'
Mono config path = 'C:/Program Files/Unity/Hub/Editor/2021.1.16f1/Editor/Data/MonoBleedingEdge/etc'
Using monoOptions --debugger-agent=transport=dt_socket,embedding=1,server=y,suspend=n,address=127.0.0.1:56180
Begin MonoManager ReloadAssembly
Registering precompiled unity dll's ...
Register platform support module: C:/Program Files/Unity/Hub/Editor/2021.1.16f1/Editor/Data/PlaybackEngines/MacStandaloneSupport/UnityEditor.OSXStandalone.Extensions.dll
Register platform support module: C:/Program Files/Unity/Hub/Editor/2021.1.16f1/Editor/Data/PlaybackEngines/WindowsStandaloneSupport/UnityEditor.WindowsStandalone.Extensions.dll
Registered in 0.001913 seconds.
Native extension for WindowsStandalone target not found
Native extension for OSXStandalone target not found
Refreshing native plugins compatible for Editor in 96.99 ms, found 4 plugins.
Preloading 0 native plugins for Editor in 0.00 ms.
Mono: successfully reloaded assembly
- Completed reload, in  1.166 seconds
Domain Reload Profiling:
	ReloadAssembly (1166ms)
		BeginReloadAssembly (59ms)
			ExecutionOrderSort (0ms)
			DisableScriptedObjects (0ms)
			BackupInstance (0ms)
			ReleaseScriptingObjects (0ms)
			CreateAndSetChildDomain (1ms)
		EndReloadAssembly (490ms)
			LoadAssemblies (57ms)
			RebuildTransferFunctionScriptingTraits (0ms)
			SetupTypeCache (178ms)
			ReleaseScriptCaches (0ms)
			RebuildScriptCaches (29ms)
			SetupLoadedEditorAssemblies (235ms)
				LogAssemblyErrors (0ms)
				InitializePlatformSupportModulesInManaged (7ms)
				SetLoadedEditorAssemblies (0ms)
				RefreshPlugins (97ms)
				BeforeProcessingInitializeOnLoad (1ms)
				ProcessInitializeOnLoadAttributes (94ms)
				ProcessInitializeOnLoadMethodAttributes (36ms)
				AfterProcessingInitializeOnLoad (0ms)
				EditorAssembliesLoaded (0ms)
			ExecutionOrderSort2 (0ms)
			AwakeInstancesAfterBackupRestoration (0ms)
Platform modules already initialized, skipping
Registering precompiled user dll's ...
Registered in 0.005081 seconds.
Begin MonoManager ReloadAssembly
Symbol file LoadedFromMemory doesn't match image C:\Users\USUARIO\Documents\GitHub\Plataformer 2D\Library\PackageCache\com.unity.visualscripting@1.6.1\Editor\VisualScripting.Core\Dependencies\YamlDotNet\Unity.VisualScripting.YamlDotNet.dll
Symbol file LoadedFromMemory doesn't match image C:\Users\USUARIO\Documents\GitHub\Plataformer 2D\Library\PackageCache\com.unity.visualscripting@1.6.1\Editor\VisualScripting.Core\Dependencies\DotNetZip\Unity.VisualScripting.IonicZip.dll
Native extension for WindowsStandalone target not found
Native extension for OSXStandalone target not found
Refreshing native plugins compatible for Editor in 99.55 ms, found 4 plugins.
Preloading 0 native plugins for Editor in 0.00 ms.
Mono: successfully reloaded assembly
- Completed reload, in  1.520 seconds
Domain Reload Profiling:
	ReloadAssembly (1520ms)
		BeginReloadAssembly (149ms)
			ExecutionOrderSort (0ms)
			DisableScriptedObjects (4ms)
			BackupInstance (0ms)
			ReleaseScriptingObjects (0ms)
			CreateAndSetChildDomain (18ms)
		EndReloadAssembly (1308ms)
			LoadAssemblies (240ms)
			RebuildTransferFunctionScriptingTraits (0ms)
			SetupTypeCache (357ms)
			ReleaseScriptCaches (1ms)
			RebuildScriptCaches (54ms)
			SetupLoadedEditorAssemblies (552ms)
				LogAssemblyErrors (0ms)
				InitializePlatformSupportModulesInManaged (5ms)
				SetLoadedEditorAssemblies (0ms)
				RefreshPlugins (100ms)
				BeforeProcessingInitializeOnLoad (88ms)
				ProcessInitializeOnLoadAttributes (336ms)
				ProcessInitializeOnLoadMethodAttributes (17ms)
				AfterProcessingInitializeOnLoad (6ms)
				EditorAssembliesLoaded (0ms)
			ExecutionOrderSort2 (0ms)
			AwakeInstancesAfterBackupRestoration (6ms)
Platform modules already initialized, skipping
========================================================================
Worker process is ready to serve import requests
Launched and connected shader compiler UnityShaderCompiler.exe after 0.09 seconds
Refreshing native plugins compatible for Editor in 0.68 ms, found 4 plugins.
Preloading 0 native plugins for Editor in 0.00 ms.
Unloading 3675 Unused Serialized files (Serialized files now loaded: 0)
System memory in use before: 136.3 MB.
System memory in use after: 136.4 MB.

Unloading 37 unused Assets to reduce memory usage. Loaded Objects now: 4119.
Total: 3.951000 ms (FindLiveObjects: 0.291200 ms CreateObjectMapping: 0.165000 ms MarkObjects: 3.374300 ms  DeleteObjects: 0.119200 ms)

AssetImportParameters requested are different than current active one (requested -> active):
  custom:framework-win-MediaFoundation: 216162199b28c13a410421893ffa2e32 -> 
  custom:video-decoder-ogg-theora: a1e56fd34408186e4bbccfd4996cb3dc -> 
  custom:container-muxer-webm: aa71ff27fc2769a1b78a27578f13a17b -> 
  custom:container-demuxer-webm: 4f35f7cbe854078d1ac9338744f61a02 -> 
  custom:container-demuxer-ogg: 62fdf1f143b41e24485cea50d1cbac27 -> 
  custom:video-encoder-webm-vp8: eb34c28f22e8b96e1ab97ce403110664 -> 
  custom:video-decoder-webm-vp8: 9c59270c3fd7afecdb556c50c9e8de78 -> 
  custom:audio-decoder-ogg-vorbis: bf7c407c2cedff20999df2af8eb42d56 -> 
  custom:audio-encoder-webm-vorbis: bf7c407c2cedff20999df2af8eb42d56 -> 
========================================================================
Received Import Request.
  path: Assets/assets_platformer/bg_C.jpg
  artifactKey: Guid(364b759410a52994e97b798aff64e12f) Importer(815301076,1909f56bfc062723c751e8b465ee728b)
Start importing Assets/assets_platformer/bg_C.jpg using Guid(364b759410a52994e97b798aff64e12f) Importer(815301076,1909f56bfc062723c751e8b465ee728b)  -> (artifact id: 'c221e1eb6625621bde37c9afe25b6f76') in 0.107636 seconds 
========================================================================
Received Import Request.
  Time since last request: 0.000203 seconds.
  path: Assets/assets_platformer/hearts.png
  artifactKey: Guid(c1cd3febef853f14eb06bcadeb5cc84f) Importer(815301076,1909f56bfc062723c751e8b465ee728b)
Start importing Assets/assets_platformer/hearts.png using Guid(c1cd3febef853f14eb06bcadeb5cc84f) Importer(815301076,1909f56bfc062723c751e8b465ee728b)  -> (artifact id: '1d9a9574763ca5f76d3c18487229567e') in 0.014561 seconds 
========================================================================
Received Import Request.
  Time since last request: 0.000252 seconds.
  path: Assets/assets_platformer/terrain_D.png
  artifactKey: Guid(4c1399379cfb005449114bda9d8f3063) Importer(815301076,1909f56bfc062723c751e8b465ee728b)
Start importing Assets/assets_platformer/terrain_D.png using Guid(4c1399379cfb005449114bda9d8f3063) Importer(815301076,1909f56bfc062723c751e8b465ee728b)  -> (artifact id: '1250e0ab07a453d8f90df29100586eb5') in 0.033684 seconds 
========================================================================
Received Import Request.
  Time since last request: 0.000213 seconds.
  path: Assets/assets_platformer/bg_A.jpg
  artifactKey: Guid(0924945b6137b6849b6d10195626a329) Importer(815301076,1909f56bfc062723c751e8b465ee728b)
Start importing Assets/assets_platformer/bg_A.jpg using Guid(0924945b6137b6849b6d10195626a329) Importer(815301076,1909f56bfc062723c751e8b465ee728b)  -> (artifact id: '01b427a487d40b4b64397e025cd5db32') in 0.015908 seconds 
========================================================================
Received Import Request.
  Time since last request: 0.000201 seconds.
  path: Assets/assets_platformer/bg_D.jpg
  artifactKey: Guid(98b9ef85fd16bc44e9a2e3898ed63b10) Importer(815301076,1909f56bfc062723c751e8b465ee728b)
Start importing Assets/assets_platformer/bg_D.jpg using Guid(98b9ef85fd16bc44e9a2e3898ed63b10) Importer(815301076,1909f56bfc062723c751e8b465ee728b)  -> (artifact id: 'c53cf6fec3f2c70dc2db956709deb423') in 0.033459 seconds 
========================================================================
Received Import Request.
  Time since last request: 0.000237 seconds.
  path: Assets/assets_platformer/terrain_B.png
  artifactKey: Guid(61e116b3ffac64b438deb97bb27e6fc7) Importer(815301076,1909f56bfc062723c751e8b465ee728b)
Start importing Assets/assets_platformer/terrain_B.png using Guid(61e116b3ffac64b438deb97bb27e6fc7) Importer(815301076,1909f56bfc062723c751e8b465ee728b)  -> (artifact id: 'ad237b1a8feef3484b39fd299542395a') in 0.019060 seconds 
========================================================================
Received Import Request.
  Time since last request: 0.000226 seconds.
  path: Assets/assets_platformer
  artifactKey: Guid(622fedad6c8e24541ae07c53d386d0ea) Importer(815301076,1909f56bfc062723c751e8b465ee728b)
Start importing Assets/assets_platformer using Guid(622fedad6c8e24541ae07c53d386d0ea) Importer(815301076,1909f56bfc062723c751e8b465ee728b)  -> (artifact id: 'c246dcf3cc8de4bd874803f0cca9acf2') in 0.005750 seconds 
========================================================================
Received Import Request.
  Time since last request: 0.000238 seconds.
  path: Assets/assets_platformer/megaman.png
  artifactKey: Guid(4e1ea451e0ced8348b0d506b03f97138) Importer(815301076,1909f56bfc062723c751e8b465ee728b)
Start importing Assets/assets_platformer/megaman.png using Guid(4e1ea451e0ced8348b0d506b03f97138) Importer(815301076,1909f56bfc062723c751e8b465ee728b)  -> (artifact id: 'ba6049b86c574eb48e741be839a92a8a') in 0.042564 seconds 
========================================================================
Received Import Request.
  Time since last request: 0.000186 seconds.
  path: Assets/assets_platformer/bg_B.jpg
  artifactKey: Guid(d98c6c3be32b163458442beeec64cd97) Importer(815301076,1909f56bfc062723c751e8b465ee728b)
Start importing Assets/assets_platformer/bg_B.jpg using Guid(d98c6c3be32b163458442beeec64cd97) Importer(815301076,1909f56bfc062723c751e8b465ee728b)  -> (artifact id: 'f00a00a43768b25ef930cef9923574d0') in 0.011554 seconds 
========================================================================
Received Import Request.
  Time since last request: 0.000196 seconds.
  path: Assets/assets_platformer/terrain_A.png
  artifactKey: Guid(beb7fe25919d4b944b3c307a35008a44) Importer(815301076,1909f56bfc062723c751e8b465ee728b)
Start importing Assets/assets_platformer/terrain_A.png using Guid(beb7fe25919d4b944b3c307a35008a44) Importer(815301076,1909f56bfc062723c751e8b465ee728b)  -> (artifact id: '5a91caeae976b8db10b5e6239d48ab5e') in 0.012983 seconds 
========================================================================
Received Import Request.
  Time since last request: 0.000260 seconds.
  path: Assets/assets_platformer/terrain_C.png
  artifactKey: Guid(c4b6e9a60e6f8074cb8150c9bcf03252) Importer(815301076,1909f56bfc062723c751e8b465ee728b)
Start importing Assets/assets_platformer/terrain_C.png using Guid(c4b6e9a60e6f8074cb8150c9bcf03252) Importer(815301076,1909f56bfc062723c751e8b465ee728b)  -> (artifact id: '26613ed1dc4689f79c6ec7a7148ab2ab') in 0.011607 seconds 
========================================================================
Received Import Request.
  Time since last request: 1239.229560 seconds.
  path: Assets/assets_platformer/bg_A.jpg
  artifactKey: Guid(0924945b6137b6849b6d10195626a329) Importer(815301076,1909f56bfc062723c751e8b465ee728b)
Start importing Assets/assets_platformer/bg_A.jpg using Guid(0924945b6137b6849b6d10195626a329) Importer(815301076,1909f56bfc062723c751e8b465ee728b)  -> (artifact id: 'f1e31dfd636d36c7622b702815b35c4e') in 0.023885 seconds 
========================================================================
Received Import Request.
  Time since last request: 726.847489 seconds.
  path: Assets/assets_platformer/terrain_A.png
  artifactKey: Guid(beb7fe25919d4b944b3c307a35008a44) Importer(815301076,1909f56bfc062723c751e8b465ee728b)
Start importing Assets/assets_platformer/terrain_A.png using Guid(beb7fe25919d4b944b3c307a35008a44) Importer(815301076,1909f56bfc062723c751e8b465ee728b)  -> (artifact id: '3c3916a8fa5678e74c793c45b2d4dff1') in 0.010322 seconds 
========================================================================
Received Import Request.
  Time since last request: 93.996964 seconds.
  path: Assets/assets_platformer/terrain_A.png
  artifactKey: Guid(beb7fe25919d4b944b3c307a35008a44) Importer(815301076,1909f56bfc062723c751e8b465ee728b)
Start importing Assets/assets_platformer/terrain_A.png using Guid(beb7fe25919d4b944b3c307a35008a44) Importer(815301076,1909f56bfc062723c751e8b465ee728b)  -> (artifact id: '1265ccd96b7903521778675e8b9b4e0b') in 0.014585 seconds 
========================================================================
Received Import Request.
  Time since last request: 235.155559 seconds.
  path: Assets/assets_platformer/terrain_A.png
  artifactKey: Guid(beb7fe25919d4b944b3c307a35008a44) Importer(815301076,1909f56bfc062723c751e8b465ee728b)
Start importing Assets/assets_platformer/terrain_A.png using Guid(beb7fe25919d4b944b3c307a35008a44) Importer(815301076,1909f56bfc062723c751e8b465ee728b)  -> (artifact id: '7954b761993f616e9386f8a230afdaec') in 0.227629 seconds 
========================================================================
Received Import Request.
  Time since last request: 327.894906 seconds.
  path: Assets/assets_platformer/terrain_A.png
  artifactKey: Guid(beb7fe25919d4b944b3c307a35008a44) Importer(815301076,1909f56bfc062723c751e8b465ee728b)
Start importing Assets/assets_platformer/terrain_A.png using Guid(beb7fe25919d4b944b3c307a35008a44) Importer(815301076,1909f56bfc062723c751e8b465ee728b)  -> (artifact id: '89b92e3b033facac73c87c12ca7b7b77') in 0.170889 seconds 
